<?xml version="1.0" encoding="UTF-8"?>
<testsuite name="compressor.CompressorAppTest" tests="1" skipped="0" failures="0" errors="0" timestamp="2022-07-01T15:21:24" hostname="ip-10-104-198-101.eu-central-1.compute.internal" time="0.008">
  <properties/>
  <testcase name="compressorAppDoNotStartIfCommandIsWrong()" classname="compressor.CompressorAppTest" time="0.008"/>
  <system-out><![CDATA[Error - Please enter valid arguments: –[c/d] file1 file2, where[c/d] means compress decompress, file1 is the target file and file2 is the result file 
]]></system-out>
  <system-err><![CDATA[]]></system-err>
</testsuite>
